-------------------------------------------------------------------------------
Test set: edu.coursera.distributed.MpiJavaTest
-------------------------------------------------------------------------------
Tests run: 1, Failures: 0, Errors: 1, Skipped: 0, Time elapsed: 0.288 sec <<< FAILURE! - in edu.coursera.distributed.MpiJavaTest
edu.coursera.distributed.MpiJavaTest(edu.coursera.distributed.MpiJavaTest$1)  Time elapsed: 0.285 sec  <<< ERROR!
java.lang.UnsatisfiedLinkError: Unable to load library 'mpi': Native library (darwin/libmpi.dylib) not found in resource path (/Users/siyangzhang/Parallel-Concurrent-Distributed-Programming/Distributed Programming/miniproject_3/target/test-classes:/Users/siyangzhang/Parallel-Concurrent-Distributed-Programming/Distributed Programming/miniproject_3/target/classes:/Users/siyangzhang/.m2/repository/org/apache/maven/plugins/maven-resources-plugin/2.4.3/maven-resources-plugin-2.4.3.jar:/Users/siyangzhang/.m2/repository/org/apache/maven/maven-plugin-api/2.0.6/maven-plugin-api-2.0.6.jar:/Users/siyangzhang/.m2/repository/org/apache/maven/maven-project/2.0.6/maven-project-2.0.6.jar:/Users/siyangzhang/.m2/repository/org/apache/maven/maven-profile/2.0.6/maven-profile-2.0.6.jar:/Users/siyangzhang/.m2/repository/org/apache/maven/maven-artifact-manager/2.0.6/maven-artifact-manager-2.0.6.jar:/Users/siyangzhang/.m2/repository/org/apache/maven/maven-plugin-registry/2.0.6/maven-plugin-registry-2.0.6.jar:/Users/siyangzhang/.m2/repository/org/apache/maven/maven-core/2.0.6/maven-core-2.0.6.jar:/Users/siyangzhang/.m2/repository/org/apache/maven/wagon/wagon-file/1.0-beta-2/wagon-file-1.0-beta-2.jar:/Users/siyangzhang/.m2/repository/org/apache/maven/maven-plugin-parameter-documenter/2.0.6/maven-plugin-parameter-documenter-2.0.6.jar:/Users/siyangzhang/.m2/repository/org/apache/maven/wagon/wagon-http-lightweight/1.0-beta-2/wagon-http-lightweight-1.0-beta-2.jar:/Users/siyangzhang/.m2/repository/org/apache/maven/wagon/wagon-http-shared/1.0-beta-2/wagon-http-shared-1.0-beta-2.jar:/Users/siyangzhang/.m2/repository/jtidy/jtidy/4aug2000r7-dev/jtidy-4aug2000r7-dev.jar:/Users/siyangzhang/.m2/repository/xml-apis/xml-apis/1.0.b2/xml-apis-1.0.b2.jar:/Users/siyangzhang/.m2/repository/org/apache/maven/reporting/maven-reporting-api/2.0.6/maven-reporting-api-2.0.6.jar:/Users/siyangzhang/.m2/repository/org/apache/maven/doxia/doxia-sink-api/1.0-alpha-7/doxia-sink-api-1.0-alpha-7.jar:/Users/siyangzhang/.m2/repository/org/apache/maven/wagon/wagon-provider-api/1.0-beta-2/wagon-provider-api-1.0-beta-2.jar:/Users/siyangzhang/.m2/repository/org/apache/maven/maven-repository-metadata/2.0.6/maven-repository-metadata-2.0.6.jar:/Users/siyangzhang/.m2/repository/org/apache/maven/maven-error-diagnostics/2.0.6/maven-error-diagnostics-2.0.6.jar:/Users/siyangzhang/.m2/repository/commons-cli/commons-cli/1.0/commons-cli-1.0.jar:/Users/siyangzhang/.m2/repository/org/apache/maven/wagon/wagon-ssh-external/1.0-beta-2/wagon-ssh-external-1.0-beta-2.jar:/Users/siyangzhang/.m2/repository/org/apache/maven/wagon/wagon-ssh-common/1.0-beta-2/wagon-ssh-common-1.0-beta-2.jar:/Users/siyangzhang/.m2/repository/org/apache/maven/maven-plugin-descriptor/2.0.6/maven-plugin-descriptor-2.0.6.jar:/Users/siyangzhang/.m2/repository/org/codehaus/plexus/plexus-interactivity-api/1.0-alpha-4/plexus-interactivity-api-1.0-alpha-4.jar:/Users/siyangzhang/.m2/repository/org/apache/maven/wagon/wagon-ssh/1.0-beta-2/wagon-ssh-1.0-beta-2.jar:/Users/siyangzhang/.m2/repository/com/jcraft/jsch/0.1.27/jsch-0.1.27.jar:/Users/siyangzhang/.m2/repository/classworlds/classworlds/1.1/classworlds-1.1.jar:/Users/siyangzhang/.m2/repository/org/apache/maven/maven-artifact/2.0.6/maven-artifact-2.0.6.jar:/Users/siyangzhang/.m2/repository/org/apache/maven/maven-settings/2.0.6/maven-settings-2.0.6.jar:/Users/siyangzhang/.m2/repository/org/apache/maven/maven-model/2.0.6/maven-model-2.0.6.jar:/Users/siyangzhang/.m2/repository/org/apache/maven/maven-monitor/2.0.6/maven-monitor-2.0.6.jar:/Users/siyangzhang/.m2/repository/org/codehaus/plexus/plexus-container-default/1.0-alpha-9-stable-1/plexus-container-default-1.0-alpha-9-stable-1.jar:/Users/siyangzhang/.m2/repository/org/codehaus/plexus/plexus-utils/2.0.5/plexus-utils-2.0.5.jar:/Users/siyangzhang/.m2/repository/org/apache/maven/shared/maven-filtering/1.0-beta-4/maven-filtering-1.0-beta-4.jar:/Users/siyangzhang/.m2/repository/org/sonatype/plexus/plexus-build-api/0.0.4/plexus-build-api-0.0.4.jar:/Users/siyangzhang/.m2/repository/org/codehaus/plexus/plexus-interpolation/1.13/plexus-interpolation-1.13.jar:/Users/siyangzhang/.m2/repository/junit/junit/4.12/junit-4.12.jar:/Users/siyangzhang/.m2/repository/org/hamcrest/hamcrest-core/1.3/hamcrest-core-1.3.jar:/Users/siyangzhang/.m2/repository/net/java/dev/jna/jna/4.2.2/jna-4.2.2.jar:)
	at com.sun.jna.NativeLibrary.loadLibrary(NativeLibrary.java:277)
	at com.sun.jna.NativeLibrary.getInstance(NativeLibrary.java:403)
	at com.sun.jna.Library$Handler.<init>(Library.java:147)
	at com.sun.jna.Native.loadLibrary(Native.java:502)
	at com.sun.jna.Native.loadLibrary(Native.java:481)
	at edu.coursera.distributed.util.MPI$MPILib.<clinit>(MPI.java:20)
	at edu.coursera.distributed.util.MPI.<init>(MPI.java:77)
	at edu.coursera.distributed.MpiJavaTest$1.setUp(MpiJavaTest.java:66)

