<?xml version="1.0" encoding="UTF-8"?>
<testsuite name="edu.coursera.parallel.OneDimAveragingPhaserTest" time="294.104" tests="1" errors="0" skipped="0" failures="1">
  <properties>
[...]
</properties>
  <testcase name="testFuzzyBarrier" classname="edu.coursera.parallel.OneDimAveragingPhaserTest" time="294.104">
    <failure message="Mismatch on output at element 522026 expected:&lt;2.344112125083952E-132&gt; but was:&lt;2.3441121250839516E-132&gt;" type="junit.framework.AssertionFailedError"><![CDATA[junit.framework.AssertionFailedError: Mismatch on output at element 522026 expected:<2.344112125083952E-132> but was:<2.3441121250839516E-132>
	at junit.framework.Assert.fail(Assert.java:47)
	at junit.framework.Assert.failNotEquals(Assert.java:280)
	at junit.framework.Assert.assertEquals(Assert.java:64)
	at edu.coursera.parallel.OneDimAveragingPhaserTest.checkResult(OneDimAveragingPhaserTest.java:92)
	at edu.coursera.parallel.OneDimAveragingPhaserTest.parTestHelper(OneDimAveragingPhaserTest.java:122)
	at edu.coursera.parallel.OneDimAveragingPhaserTest.testFuzzyBarrier(OneDimAveragingPhaserTest.java:139)
]]></failure>
    <system-out><![CDATA[iterations 40000 done
]]></system-out>
  </testcase>
</testsuite>