<?xml version="1.0" encoding="UTF-8"?>
<testsuite name="edu.coursera.distributed.FileServerTest" time="20.213" tests="9" errors="0" skipped="0" failures="1">
  <properties>
[...]
</properties>
  <testcase name="testTermination" classname="edu.coursera.distributed.FileServerTest" time="0.04"/>
  <testcase name="testFileGet" classname="edu.coursera.distributed.FileServerTest" time="0.093"/>
  <testcase name="testFileGets" classname="edu.coursera.distributed.FileServerTest" time="0.009"/>
  <testcase name="testNestedFileGet" classname="edu.coursera.distributed.FileServerTest" time="0.005"/>
  <testcase name="testDoublyNestedFileGet" classname="edu.coursera.distributed.FileServerTest" time="0.005"/>
  <testcase name="testLargeFileGet" classname="edu.coursera.distributed.FileServerTest" time="0.004"/>
  <testcase name="testMissingFileGet" classname="edu.coursera.distributed.FileServerTest" time="0.007"/>
  <testcase name="testMissingNestedFileGet" classname="edu.coursera.distributed.FileServerTest" time="0.004"/>
  <testcase name="testPerformance" classname="edu.coursera.distributed.FileServerTest" time="20.046">
    <failure message="Expected parallel threads to produce at least a 2.0x improvement, but only saw 1.2496815286624203x" type="junit.framework.AssertionFailedError">junit.framework.AssertionFailedError: Expected parallel threads to produce at least a 2.0x improvement, but only saw 1.2496815286624203x
	at junit.framework.Assert.fail(Assert.java:47)
	at junit.framework.Assert.assertTrue(Assert.java:20)
	at edu.coursera.distributed.FileServerTest.testPerformance(FileServerTest.java:327)
</failure>
    <system-err><![CDATA[Testing performance of multi-threaded web server using 4 request threads

Launching server for runPerformanceTest

Launching server for runPerformanceTest
Exception in thread "Thread-10" java.lang.OutOfMemoryError: unable to create native thread: possibly out of memory or process/resource limits reached
	at java.base/java.lang.Thread.start0(Native Method)
	at java.base/java.lang.Thread.start(Thread.java:804)
	at java.base/java.util.concurrent.ThreadPoolExecutor.addWorker(ThreadPoolExecutor.java:937)
	at java.base/java.util.concurrent.ThreadPoolExecutor.execute(ThreadPoolExecutor.java:1343)
	at java.base/java.util.concurrent.AbstractExecutorService.submit(AbstractExecutorService.java:118)
	at edu.coursera.distributed.FileServer.run(FileServer.java:79)
	at edu.coursera.distributed.FileServerTest$1.run(FileServerTest.java:104)
	at java.base/java.lang.Thread.run(Thread.java:835)
Single-core execution completed 785
Parallel execution completed 981, yielding an improvement of 1.2496815286624203x

]]></system-err>
  </testcase>
</testsuite>