<?xml version="1.0" encoding="UTF-8"?>
<testsuite name="edu.coursera.concurrent.BoruvkaPerformanceTest" time="137.738" tests="2" errors="0" skipped="0" failures="2">
  <properties>
[...]
</properties>
  <testcase name="testInputUSAroadFLA" classname="edu.coursera.concurrent.BoruvkaPerformanceTest" time="56.484">
    <failure message="expected:&lt;1070375&gt; but was:&lt;16443&gt;" type="junit.framework.AssertionFailedError"><![CDATA[junit.framework.AssertionFailedError: expected:<1070375> but was:<16443>
	at junit.framework.Assert.fail(Assert.java:47)
	at junit.framework.Assert.failNotEquals(Assert.java:280)
	at junit.framework.Assert.assertEquals(Assert.java:64)
	at junit.framework.Assert.assertEquals(Assert.java:133)
	at junit.framework.Assert.assertEquals(Assert.java:139)
	at edu.coursera.concurrent.BoruvkaPerformanceTest.testInputUSAroadFLA(BoruvkaPerformanceTest.java:110)
]]></failure>
    <system-err><![CDATA[  src/main/resources/boruvka/USA-road-d.FLA.gr.gz - edu.coursera.concurrent.boruvka.sequential.SeqBoruvka - 1822
  src/main/resources/boruvka/USA-road-d.FLA.gr.gz - edu.coursera.concurrent.boruvka.sequential.SeqBoruvka - 1784
  src/main/resources/boruvka/USA-road-d.FLA.gr.gz - edu.coursera.concurrent.boruvka.sequential.SeqBoruvka - 1833
  src/main/resources/boruvka/USA-road-d.FLA.gr.gz - edu.coursera.concurrent.boruvka.sequential.SeqBoruvka - 1528
  src/main/resources/boruvka/USA-road-d.FLA.gr.gz - edu.coursera.concurrent.boruvka.sequential.SeqBoruvka - 2190
Exception in thread "Thread-2" java.lang.NullPointerException
	at edu.coursera.concurrent.ParBoruvka.computeBoruvka(ParBoruvka.java:38)
	at edu.coursera.concurrent.BoruvkaPerformanceTest.lambda$driver$0(BoruvkaPerformanceTest.java:72)
	at java.base/java.lang.Thread.run(Thread.java:835)
Exception in thread "Thread-1" java.lang.AssertionError
	at edu.coursera.concurrent.SolutionToBoruvka.setSolution(SolutionToBoruvka.java:23)
	at edu.coursera.concurrent.ParBoruvka.computeBoruvka(ParBoruvka.java:70)
	at edu.coursera.concurrent.BoruvkaPerformanceTest.lambda$driver$0(BoruvkaPerformanceTest.java:72)
	at java.base/java.lang.Thread.run(Thread.java:835)
Exception in thread "Thread-3" java.lang.AssertionError
	at edu.coursera.concurrent.SolutionToBoruvka.setSolution(SolutionToBoruvka.java:23)
	at edu.coursera.concurrent.ParBoruvka.computeBoruvka(ParBoruvka.java:70)
	at edu.coursera.concurrent.BoruvkaPerformanceTest.lambda$driver$0(BoruvkaPerformanceTest.java:72)
	at java.base/java.lang.Thread.run(Thread.java:835)
  src/main/resources/boruvka/USA-road-d.FLA.gr.gz - edu.coursera.concurrent.ParBoruvka - 1686
Exception in thread "Thread-4" java.lang.AssertionError
	at edu.coursera.concurrent.SolutionToBoruvka.setSolution(SolutionToBoruvka.java:23)
	at edu.coursera.concurrent.ParBoruvka.computeBoruvka(ParBoruvka.java:70)
	at edu.coursera.concurrent.BoruvkaPerformanceTest.lambda$driver$0(BoruvkaPerformanceTest.java:72)
	at java.base/java.lang.Thread.run(Thread.java:835)
Exception in thread "Thread-7" java.lang.AssertionError
	at edu.coursera.concurrent.SolutionToBoruvka.setSolution(SolutionToBoruvka.java:23)
	at edu.coursera.concurrent.ParBoruvka.computeBoruvka(ParBoruvka.java:70)
	at edu.coursera.concurrent.BoruvkaPerformanceTest.lambda$driver$0(BoruvkaPerformanceTest.java:72)
	at java.base/java.lang.Thread.run(Thread.java:835)
Exception in thread "Thread-5" java.lang.NullPointerException
  src/main/resources/boruvka/USA-road-d.FLA.gr.gz - edu.coursera.concurrent.ParBoruvka - 1880
Exception in thread "Thread-8" java.lang.AssertionError
	at edu.coursera.concurrent.SolutionToBoruvka.setSolution(SolutionToBoruvka.java:23)
	at edu.coursera.concurrent.ParBoruvka.computeBoruvka(ParBoruvka.java:70)
	at edu.coursera.concurrent.BoruvkaPerformanceTest.lambda$driver$0(BoruvkaPerformanceTest.java:72)
	at java.base/java.lang.Thread.run(Thread.java:835)
Exception in thread "Thread-11" java.lang.AssertionError
	at edu.coursera.concurrent.SolutionToBoruvka.setSolution(SolutionToBoruvka.java:23)
	at edu.coursera.concurrent.ParBoruvka.computeBoruvka(ParBoruvka.java:70)
	at edu.coursera.concurrent.BoruvkaPerformanceTest.lambda$driver$0(BoruvkaPerformanceTest.java:72)
	at java.base/java.lang.Thread.run(Thread.java:835)
Exception in thread "Thread-10" java.lang.AssertionError
	at edu.coursera.concurrent.SolutionToBoruvka.setSolution(SolutionToBoruvka.java:23)
	at edu.coursera.concurrent.ParBoruvka.computeBoruvka(ParBoruvka.java:70)
	at edu.coursera.concurrent.BoruvkaPerformanceTest.lambda$driver$0(BoruvkaPerformanceTest.java:72)
	at java.base/java.lang.Thread.run(Thread.java:835)
  src/main/resources/boruvka/USA-road-d.FLA.gr.gz - edu.coursera.concurrent.ParBoruvka - 1664
Exception in thread "Thread-12" Exception in thread "Thread-15" java.lang.AssertionError
	at edu.coursera.concurrent.SolutionToBoruvka.setSolution(SolutionToBoruvka.java:23)
	at edu.coursera.concurrent.ParBoruvka.computeBoruvka(ParBoruvka.java:70)
	at edu.coursera.concurrent.BoruvkaPerformanceTest.lambda$driver$0(BoruvkaPerformanceTest.java:72)
	at java.base/java.lang.Thread.run(Thread.java:835)
Exception in thread "Thread-14" java.lang.AssertionError
	at edu.coursera.concurrent.SolutionToBoruvka.setSolution(SolutionToBoruvka.java:23)
	at edu.coursera.concurrent.ParBoruvka.computeBoruvka(ParBoruvka.java:70)
	at edu.coursera.concurrent.BoruvkaPerformanceTest.lambda$driver$0(BoruvkaPerformanceTest.java:72)
	at java.base/java.lang.Thread.run(Thread.java:835)
java.lang.NullPointerException
  src/main/resources/boruvka/USA-road-d.FLA.gr.gz - edu.coursera.concurrent.ParBoruvka - 1814
Exception in thread "Thread-17" java.lang.NullPointerException
Exception in thread "Thread-16" Exception in thread "Thread-18" java.lang.AssertionError
	at edu.coursera.concurrent.SolutionToBoruvka.setSolution(SolutionToBoruvka.java:23)
	at edu.coursera.concurrent.ParBoruvka.computeBoruvka(ParBoruvka.java:70)
	at edu.coursera.concurrent.BoruvkaPerformanceTest.lambda$driver$0(BoruvkaPerformanceTest.java:72)
	at java.base/java.lang.Thread.run(Thread.java:835)
java.lang.NullPointerException
  src/main/resources/boruvka/USA-road-d.FLA.gr.gz - edu.coursera.concurrent.ParBoruvka - 1285
]]></system-err>
  </testcase>
  <testcase name="testInputUSAroadNE" classname="edu.coursera.concurrent.BoruvkaPerformanceTest" time="81.254">
    <failure message="expected:&lt;1524452&gt; but was:&lt;1480081&gt;" type="junit.framework.AssertionFailedError"><![CDATA[junit.framework.AssertionFailedError: expected:<1524452> but was:<1480081>
	at junit.framework.Assert.fail(Assert.java:47)
	at junit.framework.Assert.failNotEquals(Assert.java:280)
	at junit.framework.Assert.assertEquals(Assert.java:64)
	at junit.framework.Assert.assertEquals(Assert.java:133)
	at junit.framework.Assert.assertEquals(Assert.java:139)
	at edu.coursera.concurrent.BoruvkaPerformanceTest.testInputUSAroadNE(BoruvkaPerformanceTest.java:121)
]]></failure>
    <system-err><![CDATA[  src/main/resources/boruvka/USA-road-d.NE.gr.gz - edu.coursera.concurrent.boruvka.sequential.SeqBoruvka - 3442
  src/main/resources/boruvka/USA-road-d.NE.gr.gz - edu.coursera.concurrent.boruvka.sequential.SeqBoruvka - 2483
  src/main/resources/boruvka/USA-road-d.NE.gr.gz - edu.coursera.concurrent.boruvka.sequential.SeqBoruvka - 3647
  src/main/resources/boruvka/USA-road-d.NE.gr.gz - edu.coursera.concurrent.boruvka.sequential.SeqBoruvka - 2493
  src/main/resources/boruvka/USA-road-d.NE.gr.gz - edu.coursera.concurrent.boruvka.sequential.SeqBoruvka - 3528
Exception in thread "Thread-22" java.lang.AssertionError
	at edu.coursera.concurrent.SolutionToBoruvka.setSolution(SolutionToBoruvka.java:23)
	at edu.coursera.concurrent.ParBoruvka.computeBoruvka(ParBoruvka.java:70)
	at edu.coursera.concurrent.BoruvkaPerformanceTest.lambda$driver$0(BoruvkaPerformanceTest.java:72)
	at java.base/java.lang.Thread.run(Thread.java:835)
Exception in thread "Thread-21" Exception in thread "Thread-20" java.lang.AssertionError
	at edu.coursera.concurrent.SolutionToBoruvka.setSolution(SolutionToBoruvka.java:23)
	at edu.coursera.concurrent.ParBoruvka.computeBoruvka(ParBoruvka.java:70)
	at edu.coursera.concurrent.BoruvkaPerformanceTest.lambda$driver$0(BoruvkaPerformanceTest.java:72)
	at java.base/java.lang.Thread.run(Thread.java:835)
java.lang.NullPointerException
  src/main/resources/boruvka/USA-road-d.NE.gr.gz - edu.coursera.concurrent.ParBoruvka - 2467
Exception in thread "Thread-25" java.lang.AssertionError
	at edu.coursera.concurrent.SolutionToBoruvka.setSolution(SolutionToBoruvka.java:23)
	at edu.coursera.concurrent.ParBoruvka.computeBoruvka(ParBoruvka.java:70)
	at edu.coursera.concurrent.BoruvkaPerformanceTest.lambda$driver$0(BoruvkaPerformanceTest.java:72)
	at java.base/java.lang.Thread.run(Thread.java:835)
Exception in thread "Thread-26" java.lang.AssertionError
	at edu.coursera.concurrent.SolutionToBoruvka.setSolution(SolutionToBoruvka.java:23)
	at edu.coursera.concurrent.ParBoruvka.computeBoruvka(ParBoruvka.java:70)
	at edu.coursera.concurrent.BoruvkaPerformanceTest.lambda$driver$0(BoruvkaPerformanceTest.java:72)
	at java.base/java.lang.Thread.run(Thread.java:835)
Exception in thread "Thread-24" java.lang.AssertionError
	at edu.coursera.concurrent.SolutionToBoruvka.setSolution(SolutionToBoruvka.java:23)
	at edu.coursera.concurrent.ParBoruvka.computeBoruvka(ParBoruvka.java:70)
	at edu.coursera.concurrent.BoruvkaPerformanceTest.lambda$driver$0(BoruvkaPerformanceTest.java:72)
	at java.base/java.lang.Thread.run(Thread.java:835)
  src/main/resources/boruvka/USA-road-d.NE.gr.gz - edu.coursera.concurrent.ParBoruvka - 3515
Exception in thread "Thread-31" java.lang.AssertionError
	at edu.coursera.concurrent.SolutionToBoruvka.setSolution(SolutionToBoruvka.java:23)
	at edu.coursera.concurrent.ParBoruvka.computeBoruvka(ParBoruvka.java:70)
	at edu.coursera.concurrent.BoruvkaPerformanceTest.lambda$driver$0(BoruvkaPerformanceTest.java:72)
	at java.base/java.lang.Thread.run(Thread.java:835)
Exception in thread "Thread-30" Exception in thread "Thread-28" java.lang.AssertionError
	at edu.coursera.concurrent.SolutionToBoruvka.setSolution(SolutionToBoruvka.java:23)
	at edu.coursera.concurrent.ParBoruvka.computeBoruvka(ParBoruvka.java:70)
	at edu.coursera.concurrent.BoruvkaPerformanceTest.lambda$driver$0(BoruvkaPerformanceTest.java:72)
	at java.base/java.lang.Thread.run(Thread.java:835)
java.lang.AssertionError
	at edu.coursera.concurrent.SolutionToBoruvka.setSolution(SolutionToBoruvka.java:23)
	at edu.coursera.concurrent.ParBoruvka.computeBoruvka(ParBoruvka.java:70)
	at edu.coursera.concurrent.BoruvkaPerformanceTest.lambda$driver$0(BoruvkaPerformanceTest.java:72)
	at java.base/java.lang.Thread.run(Thread.java:835)
  src/main/resources/boruvka/USA-road-d.NE.gr.gz - edu.coursera.concurrent.ParBoruvka - 2769
Exception in thread "Thread-33" java.lang.NullPointerException
Exception in thread "Thread-32" java.lang.AssertionError
	at edu.coursera.concurrent.SolutionToBoruvka.setSolution(SolutionToBoruvka.java:23)
	at edu.coursera.concurrent.ParBoruvka.computeBoruvka(ParBoruvka.java:70)
	at edu.coursera.concurrent.BoruvkaPerformanceTest.lambda$driver$0(BoruvkaPerformanceTest.java:72)
	at java.base/java.lang.Thread.run(Thread.java:835)
Exception in thread "Thread-34" java.lang.AssertionError
	at edu.coursera.concurrent.SolutionToBoruvka.setSolution(SolutionToBoruvka.java:23)
	at edu.coursera.concurrent.ParBoruvka.computeBoruvka(ParBoruvka.java:70)
	at edu.coursera.concurrent.BoruvkaPerformanceTest.lambda$driver$0(BoruvkaPerformanceTest.java:72)
	at java.base/java.lang.Thread.run(Thread.java:835)
  src/main/resources/boruvka/USA-road-d.NE.gr.gz - edu.coursera.concurrent.ParBoruvka - 2978
Exception in thread "Thread-39" Exception in thread "Thread-36" java.lang.AssertionError
	at edu.coursera.concurrent.SolutionToBoruvka.setSolution(SolutionToBoruvka.java:23)
	at edu.coursera.concurrent.ParBoruvka.computeBoruvka(ParBoruvka.java:70)
	at edu.coursera.concurrent.BoruvkaPerformanceTest.lambda$driver$0(BoruvkaPerformanceTest.java:72)
	at java.base/java.lang.Thread.run(Thread.java:835)
java.lang.AssertionError
	at edu.coursera.concurrent.SolutionToBoruvka.setSolution(SolutionToBoruvka.java:23)
	at edu.coursera.concurrent.ParBoruvka.computeBoruvka(ParBoruvka.java:70)
	at edu.coursera.concurrent.BoruvkaPerformanceTest.lambda$driver$0(BoruvkaPerformanceTest.java:72)
	at java.base/java.lang.Thread.run(Thread.java:835)
Exception in thread "Thread-37" java.lang.AssertionError
	at edu.coursera.concurrent.SolutionToBoruvka.setSolution(SolutionToBoruvka.java:23)
	at edu.coursera.concurrent.ParBoruvka.computeBoruvka(ParBoruvka.java:70)
	at edu.coursera.concurrent.BoruvkaPerformanceTest.lambda$driver$0(BoruvkaPerformanceTest.java:72)
	at java.base/java.lang.Thread.run(Thread.java:835)
  src/main/resources/boruvka/USA-road-d.NE.gr.gz - edu.coursera.concurrent.ParBoruvka - 2366
]]></system-err>
  </testcase>
</testsuite>